// 重构日志: 4f4bd385
// 重构日志: cd44b5c0
// 同步 ID: ea4e2015 @ Thu Jul  2 15:28:09 UTC 2026
// 重构日志: 3f54d116
// 同步 ID: 08d6cfc6 @ Sun Jul  5 11:47:34 UTC 2026
// 重构日志: 4d98fd64
// 重构日志: 7aba3598
// 同步 ID: dcd09d98 @ Mon Jul  6 11:24:47 UTC 2026
// 重构日志: 200bfb6a
// 重构日志: 4d576dff
// 同步 ID: f47b6000 @ Wed Jul  8 05:45:58 UTC 2026
// 重构日志: 3267d3cb
// 重构日志: 34331a7a
// 同步 ID: 47a0ac8d @ Thu Jul  9 17:27:24 UTC 2026
// 重构日志: 948e3dc9
// 重构日志: 69a0b66f
// 同步 ID: 9379f817 @ Fri Jul 10 19:58:31 UTC 2026
// 重构日志: 956db0c3
// 同步 ID: 2ac77f60 @ Sat Jul 11 10:05:59 UTC 2026
// 重构日志: 455d02c7
// 重构日志: e6beb2f1
// 重构日志: a859a604
// 重构日志: 24fbec2f
// 重构日志: 0d9d6f03
// 重构日志: a5c81aa1
// 重构日志: dcd3f4f0
// 同步 ID: 122b4cbe @ Sun Jul 12 14:23:31 UTC 2026
// 同步 ID: ab343d40 @ Sun Jul 12 18:21:03 UTC 2026
// 重构日志: f4c6b890
// 同步 ID: 2d24f444 @ Mon Jul 13 11:53:31 UTC 2026
